<?xml version="1.0" encoding="UTF-8"?>
<!-- Generated by org.testng.reporters.JUnitXMLReporter -->
<testsuite hostname="PT-CTL-013" name="Smoke test_Chrome" tests="1" failures="0" timestamp="29 Dec 2019 09:31:49 GMT" time="2.871" errors="0">
  <testcase name="@BeforeMethod setUp" time="0.0" classname="TestCases.Homepage">
    <failure type="java.lang.RuntimeException" message="could not create the chrome driver">
      <![CDATA[java.lang.RuntimeException: could not create the chrome driver
	at Driver.BrowserDriver.createChromeDriver(BrowserDriver.java:78)
	at Driver.BrowserDriver.createDriver(BrowserDriver.java:51)
	at Driver.BrowserDriver.<init>(BrowserDriver.java:38)
	at BaseTest.BaseTestClass.setUp(BaseTestClass.java:14)
... Removed 26 stack frames]]>
    </failure>
  </testcase> <!-- @BeforeMethod setUp -->
  <testcase name="@AfterMethod tearDown" time="0.0" classname="TestCases.Homepage">
    <failure type="java.lang.NullPointerException">
      <![CDATA[java.lang.NullPointerException
	at BaseTest.BaseTestClass.tearDown(BaseTestClass.java:20)
... Removed 26 stack frames]]>
    </failure>
  </testcase> <!-- @AfterMethod tearDown -->
  <testcase name="LoginWithValidCred" time="0.071" classname="TestCases.Homepage">
    <skipped/>
  </testcase> <!-- LoginWithValidCred -->
</testsuite> <!-- Smoke test_Chrome -->
